Vivado Simulator 2019.2
Copyright 1986-1999, 2001-2019 Xilinx, Inc. All Rights Reserved.
Running: C:/Xilinx/Vivado/2019.2/bin/unwrapped/win64.o/xelab.exe -wto bbb581745ef74496bcdc36368ada122d --incr --debug typical --relax --mt 2 -L xil_defaultlib -L secureip --snapshot trafficControllerMain_behav xil_defaultlib.trafficControllerMain -log elaborate.log 
Using 2 slave threads.
Starting static elaboration
Completed static elaboration
Starting simulation data flow analysis
Completed simulation data flow analysis
Time Resolution for simulation is 1ps
Compiling package std.standard
Compiling package std.textio
Compiling package ieee.std_logic_1164
Compiling package ieee.numeric_std
Compiling architecture behavioral of entity xil_defaultlib.finiteStateMachine [finitestatemachine_default]
Compiling architecture behavioral of entity xil_defaultlib.synchronizer [synchronizer_default]
Compiling architecture behavioral of entity xil_defaultlib.divider [divider_default]
Compiling architecture behavioral of entity xil_defaultlib.timeParameters [timeparameters_default]
Compiling architecture behavioral of entity xil_defaultlib.timer [timer_default]
Compiling architecture behavioral of entity xil_defaultlib.walkRegister [walkregister_default]
Compiling architecture behavioral of entity xil_defaultlib.trafficcontrollermain
Built simulation snapshot trafficControllerMain_behav
